Deadlock Detection:

Found one Java-level deadlock:
=============================

"Thread-1":
  waiting to lock Monitor@0x000000000f27f3f8 (Object@0x00000007ab3860b8, a java/lang/Object),
  which is held by "Thread-2"
"Thread-2":
  waiting to lock Monitor@0x0000000010d4b628 (Object@0x00000007ab3860c8, a java/lang/Object),
  which is held by "Thread-3"
"Thread-3":
  waiting to lock Monitor@0x0000000010d4e228 (Object@0x00000007ab386098, a java/lang/Object),
  which is held by "Thread-0"
"Thread-0":
  waiting to lock Monitor@0x0000000010d4cc28 (Object@0x00000007ab3860a8, a java/lang/Object),
  which is held by "Thread-1"

Found a total of 1 deadlock.

Thread 19: (state = BLOCKED)
 - com.snit.ts.Deadlock$4.run() @bci=34, line=73 (Interpreted frame)
 - java.lang.Thread.run() @bci=11, line=745 (Interpreted frame)

Locked ownable synchronizers:
    - None

Thread 18: (state = BLOCKED)
 - com.snit.ts.Deadlock$3.run() @bci=34, line=56 (Interpreted frame)
 - java.lang.Thread.run() @bci=11, line=745 (Interpreted frame)

Locked ownable synchronizers:
    - None

Thread 17: (state = BLOCKED)
 - com.snit.ts.Deadlock$2.run() @bci=34, line=39 (Interpreted frame)
 - java.lang.Thread.run() @bci=11, line=745 (Interpreted frame)

Locked ownable synchronizers:
    - None

Thread 16: (state = BLOCKED)
 - com.snit.ts.Deadlock$1.run() @bci=34, line=22 (Interpreted frame)
 - java.lang.Thread.run() @bci=11, line=745 (Interpreted frame)

Locked ownable synchronizers:
    - None

Thread 15: (state = IN_NATIVE)
 - java.net.DualStackPlainSocketImpl.accept0(int, java.net.InetSocketAddress[]) @bci=0 (Interpreted frame)
 - java.net.DualStackPlainSocketImpl.socketAccept(java.net.SocketImpl) @bci=37, line=131 (Interpreted frame)
 - java.net.AbstractPlainSocketImpl.accept(java.net.SocketImpl) @bci=7, line=398 (Interpreted frame)
 - java.net.PlainSocketImpl.accept(java.net.SocketImpl) @bci=42, line=199 (Interpreted frame)
 - java.net.ServerSocket.implAccept(java.net.Socket) @bci=60, line=530 (Interpreted frame)
 - java.net.ServerSocket.accept() @bci=48, line=498 (Interpreted frame)
 - com.intellij.rt.execution.application.AppMain$1.run() @bci=13, line=90 (Interpreted frame)
 - java.lang.Thread.run() @bci=11, line=745 (Interpreted frame)

Locked ownable synchronizers:
    - None

Thread 10: (state = BLOCKED)

Locked ownable synchronizers:
    - None

Thread 9: (state = BLOCKED)

Locked ownable synchronizers:
    - None

Thread 8: (state = BLOCKED)
 - java.lang.Object.wait(long) @bci=0 (Interpreted frame)
 - java.lang.ref.ReferenceQueue.remove(long) @bci=44, line=135 (Interpreted frame)
 - java.lang.ref.ReferenceQueue.remove() @bci=2, line=151 (Interpreted frame)
 - java.lang.ref.Finalizer$FinalizerThread.run() @bci=36, line=209 (Interpreted frame)

Locked ownable synchronizers:
    - None

Thread 7: (state = BLOCKED)
 - java.lang.Object.wait(long) @bci=0 (Interpreted frame)
 - java.lang.Object.wait() @bci=2, line=503 (Interpreted frame)
 - java.lang.ref.Reference$ReferenceHandler.run() @bci=46, line=133 (Interpreted frame)

Locked ownable synchronizers:
    - None

Thread 1: (state = BLOCKED)
 - java.lang.Object.wait(long) @bci=0 (Interpreted frame)
 - java.lang.Thread.join(long) @bci=38, line=1281 (Interpreted frame)
 - java.lang.Thread.join() @bci=2, line=1355 (Interpreted frame)
 - com.snit.ts.Deadlock.main(java.lang.String[]) @bci=79, line=85 (Interpreted frame)
 - sun.reflect.NativeMethodAccessorImpl.invoke0(java.lang.reflect.Method, java.lang.Object, java.lang.Object[]) @bci=0 (Interpreted frame)
 - sun.reflect.NativeMethodAccessorImpl.invoke(java.lang.Object, java.lang.Object[]) @bci=87, line=57 (Interpreted frame)
 - sun.reflect.DelegatingMethodAccessorImpl.invoke(java.lang.Object, java.lang.Object[]) @bci=6, line=43 (Interpreted frame)
 - java.lang.reflect.Method.invoke(java.lang.Object, java.lang.Object[]) @bci=57, line=606 (Interpreted frame)
 - com.intellij.rt.execution.application.AppMain.main(java.lang.String[]) @bci=180, line=144 (Interpreted frame)

Locked ownable synchronizers:
    - None

